Array
(
    [product_id] => 1
)
Array
(
    [product_id] => 1
)
Array
(
    [product_id] => 1
)
Array
(
    [product_id] => 1
)
Array
(
    [product_id] => 1
)
Array
(
    [product_id] => 1
)
Array
(
    [product_id] => 1
)
Array
(
    [product_id] => 1
)
Array
(
    [product_id] => 1
)
Array
(
    [product_id] => 1
)
Array
(
    [product_id] => 1
)
Array
(
    [product_id] => 7
)
Array
(
    [product_id] => 7
)
Array
(
    [product_id] => 7
)
Array
(
    [product_id] => 7
)
Array
(
    [product_id] => 7
)
Array
(
    [product_id] => 8
)
Array
(
    [product_id] => 8
)
Array
(
    [product_id] => 8
)
Array
(
    [product_id] => 1
)
Array
(
    [product_id] => 1
)
Array
(
    [product_id] => 1
)
Array
(
    [service_id] => 1
)
Array
(
    [item_type] => service
    [service_id] => 1
    [quantity] => 1
)
Array
(
    [service_id] => 1
)
Array
(
    [service_id] => 1
)
Array
(
    [item_type] => service
    [service_id] => 1
    [quantity] => 1
)
Array
(
    [item_type] => service
    [service_id] => 1
    [quantity] => 1
)
Array
(
    [item_type] => service
    [service_id] => 1
    [quantity] => 1
)
Array
(
    [item_type] => service
    [service_id] => 1
    [quantity] => 1
)
Array
(
    [product_id] => 1
)
Array
(
    [item_type] => service
    [service_id] => 1
    [quantity] => 1
)
